{"/Users/raulsosa/Documents/GitHub/Sezzle_challange/sezzle-calculator/client/src/calculatorLogic.ts": {"path":"/Users/raulsosa/Documents/GitHub/Sezzle_challange/sezzle-calculator/client/src/calculatorLogic.ts","statementMap":{"0":{"start":{"line":1,"column":13},"end":{"line":21,"column":null}},"1":{"start":{"line":2,"column":2},"end":{"line":6,"column":null}},"2":{"start":{"line":3,"column":4},"end":{"line":3,"column":null}},"3":{"start":{"line":3,"column":60},"end":{"line":3,"column":null}},"4":{"start":{"line":4,"column":23},"end":{"line":4,"column":null}},"5":{"start":{"line":5,"column":4},"end":{"line":5,"column":null}},"6":{"start":{"line":8,"column":2},"end":{"line":12,"column":null}},"7":{"start":{"line":9,"column":4},"end":{"line":9,"column":null}},"8":{"start":{"line":9,"column":21},"end":{"line":9,"column":null}},"9":{"start":{"line":10,"column":4},"end":{"line":10,"column":null}},"10":{"start":{"line":10,"column":22},"end":{"line":10,"column":null}},"11":{"start":{"line":11,"column":4},"end":{"line":11,"column":null}},"12":{"start":{"line":14,"column":19},"end":{"line":14,"column":null}},"13":{"start":{"line":15,"column":26},"end":{"line":15,"column":null}},"14":{"start":{"line":16,"column":2},"end":{"line":18,"column":null}},"15":{"start":{"line":17,"column":4},"end":{"line":17,"column":null}},"16":{"start":{"line":20,"column":2},"end":{"line":20,"column":null}}},"fnMap":{"0":{"name":"(anonymous_0)","decl":{"start":{"line":1,"column":13},"end":{"line":1,"column":30}},"loc":{"start":{"line":1,"column":91},"end":{"line":21,"column":null}}}},"branchMap":{"0":{"loc":{"start":{"line":2,"column":2},"end":{"line":6,"column":null}},"type":"if","locations":[{"start":{"line":2,"column":2},"end":{"line":6,"column":null}},{"start":{},"end":{}}]},"1":{"loc":{"start":{"line":3,"column":4},"end":{"line":3,"column":null}},"type":"if","locations":[{"start":{"line":3,"column":4},"end":{"line":3,"column":null}},{"start":{},"end":{}}]},"2":{"loc":{"start":{"line":3,"column":8},"end":{"line":3,"column":60}},"type":"binary-expr","locations":[{"start":{"line":3,"column":8},"end":{"line":3,"column":31}},{"start":{"line":3,"column":31},"end":{"line":3,"column":47}},{"start":{"line":3,"column":47},"end":{"line":3,"column":60}}]},"3":{"loc":{"start":{"line":3,"column":67},"end":{"line":3,"column":null}},"type":"cond-expr","locations":[{"start":{"line":3,"column":82},"end":{"line":3,"column":88}},{"start":{"line":3,"column":88},"end":{"line":3,"column":null}}]},"4":{"loc":{"start":{"line":4,"column":23},"end":{"line":4,"column":null}},"type":"binary-expr","locations":[{"start":{"line":4,"column":23},"end":{"line":4,"column":38}},{"start":{"line":4,"column":38},"end":{"line":4,"column":null}}]},"5":{"loc":{"start":{"line":5,"column":22},"end":{"line":5,"column":46}},"type":"cond-expr","locations":[{"start":{"line":5,"column":34},"end":{"line":5,"column":40}},{"start":{"line":5,"column":40},"end":{"line":5,"column":46}}]},"6":{"loc":{"start":{"line":8,"column":2},"end":{"line":12,"column":null}},"type":"if","locations":[{"start":{"line":8,"column":2},"end":{"line":12,"column":null}},{"start":{},"end":{}}]},"7":{"loc":{"start":{"line":9,"column":4},"end":{"line":9,"column":null}},"type":"if","locations":[{"start":{"line":9,"column":4},"end":{"line":9,"column":null}},{"start":{},"end":{}}]},"8":{"loc":{"start":{"line":10,"column":4},"end":{"line":10,"column":null}},"type":"if","locations":[{"start":{"line":10,"column":4},"end":{"line":10,"column":null}},{"start":{},"end":{}}]},"9":{"loc":{"start":{"line":15,"column":26},"end":{"line":15,"column":null}},"type":"binary-expr","locations":[{"start":{"line":15,"column":26},"end":{"line":15,"column":54}},{"start":{"line":15,"column":54},"end":{"line":15,"column":null}}]},"10":{"loc":{"start":{"line":16,"column":2},"end":{"line":18,"column":null}},"type":"if","locations":[{"start":{"line":16,"column":2},"end":{"line":18,"column":null}},{"start":{},"end":{}}]},"11":{"loc":{"start":{"line":16,"column":6},"end":{"line":16,"column":59}},"type":"binary-expr","locations":[{"start":{"line":16,"column":6},"end":{"line":16,"column":26}},{"start":{"line":16,"column":26},"end":{"line":16,"column":41}},{"start":{"line":16,"column":41},"end":{"line":16,"column":59}}]}},"s":{"0":1,"1":4,"2":1,"3":1,"4":0,"5":0,"6":3,"7":1,"8":0,"9":1,"10":0,"11":1,"12":2,"13":2,"14":2,"15":1,"16":1},"f":{"0":4},"b":{"0":[1,3],"1":[1,0],"2":[1,0,0],"3":[0,1],"4":[0,0],"5":[0,0],"6":[1,2],"7":[0,1],"8":[0,1],"9":[2,0],"10":[1,1],"11":[2,2,2]}}
}
