{"/Users/raulsosa/Documents/GitHub/Sezzle_challange/sezzle-calculator/client/src/calculatorLogic.ts": {"path":"/Users/raulsosa/Documents/GitHub/Sezzle_challange/sezzle-calculator/client/src/calculatorLogic.ts","statementMap":{"0":{"start":{"line":1,"column":13},"end":{"line":35,"column":null}},"1":{"start":{"line":3,"column":2},"end":{"line":16,"column":null}},"2":{"start":{"line":4,"column":4},"end":{"line":15,"column":null}},"3":{"start":{"line":5,"column":6},"end":{"line":5,"column":null}},"4":{"start":{"line":8,"column":6},"end":{"line":10,"column":null}},"5":{"start":{"line":9,"column":8},"end":{"line":9,"column":null}},"6":{"start":{"line":11,"column":6},"end":{"line":13,"column":null}},"7":{"start":{"line":12,"column":8},"end":{"line":12,"column":null}},"8":{"start":{"line":14,"column":6},"end":{"line":14,"column":null}},"9":{"start":{"line":19,"column":2},"end":{"line":25,"column":null}},"10":{"start":{"line":20,"column":4},"end":{"line":20,"column":null}},"11":{"start":{"line":20,"column":21},"end":{"line":20,"column":null}},"12":{"start":{"line":21,"column":4},"end":{"line":21,"column":null}},"13":{"start":{"line":21,"column":22},"end":{"line":21,"column":null}},"14":{"start":{"line":22,"column":4},"end":{"line":22,"column":null}},"15":{"start":{"line":22,"column":25},"end":{"line":22,"column":null}},"16":{"start":{"line":23,"column":4},"end":{"line":23,"column":null}},"17":{"start":{"line":23,"column":21},"end":{"line":23,"column":null}},"18":{"start":{"line":24,"column":4},"end":{"line":24,"column":null}},"19":{"start":{"line":28,"column":19},"end":{"line":28,"column":null}},"20":{"start":{"line":29,"column":26},"end":{"line":29,"column":null}},"21":{"start":{"line":30,"column":2},"end":{"line":32,"column":null}},"22":{"start":{"line":31,"column":4},"end":{"line":31,"column":null}},"23":{"start":{"line":34,"column":2},"end":{"line":34,"column":null}}},"fnMap":{"0":{"name":"(anonymous_0)","decl":{"start":{"line":1,"column":13},"end":{"line":1,"column":30}},"loc":{"start":{"line":1,"column":91},"end":{"line":35,"column":null}}}},"branchMap":{"0":{"loc":{"start":{"line":3,"column":2},"end":{"line":16,"column":null}},"type":"if","locations":[{"start":{"line":3,"column":2},"end":{"line":16,"column":null}},{"start":{},"end":{}}]},"1":{"loc":{"start":{"line":4,"column":4},"end":{"line":15,"column":null}},"type":"if","locations":[{"start":{"line":4,"column":4},"end":{"line":15,"column":null}},{"start":{"line":6,"column":11},"end":{"line":15,"column":null}}]},"2":{"loc":{"start":{"line":4,"column":8},"end":{"line":4,"column":60}},"type":"binary-expr","locations":[{"start":{"line":4,"column":8},"end":{"line":4,"column":31}},{"start":{"line":4,"column":31},"end":{"line":4,"column":47}},{"start":{"line":4,"column":47},"end":{"line":4,"column":60}}]},"3":{"loc":{"start":{"line":5,"column":13},"end":{"line":5,"column":null}},"type":"cond-expr","locations":[{"start":{"line":5,"column":28},"end":{"line":5,"column":34}},{"start":{"line":5,"column":34},"end":{"line":5,"column":null}}]},"4":{"loc":{"start":{"line":8,"column":6},"end":{"line":10,"column":null}},"type":"if","locations":[{"start":{"line":8,"column":6},"end":{"line":10,"column":null}},{"start":{},"end":{}}]},"5":{"loc":{"start":{"line":8,"column":10},"end":{"line":8,"column":63}},"type":"binary-expr","locations":[{"start":{"line":8,"column":10},"end":{"line":8,"column":30}},{"start":{"line":8,"column":30},"end":{"line":8,"column":45}},{"start":{"line":8,"column":45},"end":{"line":8,"column":63}}]},"6":{"loc":{"start":{"line":11,"column":6},"end":{"line":13,"column":null}},"type":"if","locations":[{"start":{"line":11,"column":6},"end":{"line":13,"column":null}},{"start":{},"end":{}}]},"7":{"loc":{"start":{"line":11,"column":10},"end":{"line":11,"column":42}},"type":"binary-expr","locations":[{"start":{"line":11,"column":10},"end":{"line":11,"column":25}},{"start":{"line":11,"column":25},"end":{"line":11,"column":42}}]},"8":{"loc":{"start":{"line":19,"column":2},"end":{"line":25,"column":null}},"type":"if","locations":[{"start":{"line":19,"column":2},"end":{"line":25,"column":null}},{"start":{},"end":{}}]},"9":{"loc":{"start":{"line":20,"column":4},"end":{"line":20,"column":null}},"type":"if","locations":[{"start":{"line":20,"column":4},"end":{"line":20,"column":null}},{"start":{},"end":{}}]},"10":{"loc":{"start":{"line":21,"column":4},"end":{"line":21,"column":null}},"type":"if","locations":[{"start":{"line":21,"column":4},"end":{"line":21,"column":null}},{"start":{},"end":{}}]},"11":{"loc":{"start":{"line":22,"column":4},"end":{"line":22,"column":null}},"type":"if","locations":[{"start":{"line":22,"column":4},"end":{"line":22,"column":null}},{"start":{},"end":{}}]},"12":{"loc":{"start":{"line":23,"column":4},"end":{"line":23,"column":null}},"type":"if","locations":[{"start":{"line":23,"column":4},"end":{"line":23,"column":null}},{"start":{},"end":{}}]},"13":{"loc":{"start":{"line":29,"column":26},"end":{"line":29,"column":null}},"type":"binary-expr","locations":[{"start":{"line":29,"column":26},"end":{"line":29,"column":54}},{"start":{"line":29,"column":54},"end":{"line":29,"column":null}}]},"14":{"loc":{"start":{"line":30,"column":2},"end":{"line":32,"column":null}},"type":"if","locations":[{"start":{"line":30,"column":2},"end":{"line":32,"column":null}},{"start":{},"end":{}}]},"15":{"loc":{"start":{"line":30,"column":6},"end":{"line":30,"column":59}},"type":"binary-expr","locations":[{"start":{"line":30,"column":6},"end":{"line":30,"column":26}},{"start":{"line":30,"column":26},"end":{"line":30,"column":41}},{"start":{"line":30,"column":41},"end":{"line":30,"column":59}}]}},"s":{"0":1,"1":4,"2":2,"3":1,"4":1,"5":0,"6":1,"7":1,"8":0,"9":2,"10":1,"11":0,"12":1,"13":0,"14":1,"15":1,"16":0,"17":0,"18":0,"19":1,"20":1,"21":1,"22":0,"23":1},"f":{"0":4},"b":{"0":[2,2],"1":[1,1],"2":[2,1,1],"3":[0,1],"4":[0,1],"5":[1,0,0],"6":[1,0],"7":[1,0],"8":[1,1],"9":[0,1],"10":[0,1],"11":[1,0],"12":[0,0],"13":[1,0],"14":[0,1],"15":[1,1,1]}}
}
